<?xml version="1.0" encoding="UTF-8"?>
<!-- Generated by org.testng.reporters.JUnitReportReporter -->
<testsuite hostname="LAPTOP-KCK80MQ9" failures="0" tests="23" name="com.bdd.Runner_files.Test_Runner_TestNG" time="152.961" errors="0" timestamp="2024-01-07T18:59:56 EST" skipped="0">
  <testcase classname="com.bdd.Runner_files.Test_Runner_TestNG" name="runScenario" time="7.252"/>
  <testcase classname="com.bdd.Runner_files.Test_Runner_TestNG" name="runScenario" time="6.704"/>
  <testcase classname="com.bdd.Runner_files.Test_Runner_TestNG" name="runScenario" time="4.960"/>
  <testcase classname="com.bdd.Runner_files.Test_Runner_TestNG" name="runScenario" time="6.165"/>
  <testcase classname="com.bdd.Runner_files.Test_Runner_TestNG" name="runScenario" time="5.980"/>
  <testcase classname="com.bdd.Runner_files.Test_Runner_TestNG" name="runScenario" time="7.672"/>
  <testcase classname="com.bdd.Runner_files.Test_Runner_TestNG" name="runScenario" time="5.420"/>
  <testcase classname="com.bdd.Runner_files.Test_Runner_TestNG" name="runScenario" time="6.270"/>
  <testcase classname="com.bdd.Runner_files.Test_Runner_TestNG" name="runScenario" time="6.415"/>
  <testcase classname="com.bdd.Runner_files.Test_Runner_TestNG" name="runScenario" time="6.003"/>
  <testcase classname="com.bdd.Runner_files.Test_Runner_TestNG" name="runScenario" time="7.951"/>
  <testcase classname="com.bdd.Runner_files.Test_Runner_TestNG" name="runScenario" time="6.839"/>
  <testcase classname="com.bdd.Runner_files.Test_Runner_TestNG" name="runScenario" time="6.109"/>
  <testcase classname="com.bdd.Runner_files.Test_Runner_TestNG" name="runScenario" time="5.821"/>
  <testcase classname="com.bdd.Runner_files.Test_Runner_TestNG" name="runScenario" time="5.295"/>
  <testcase classname="com.bdd.Runner_files.Test_Runner_TestNG" name="runScenario" time="6.772"/>
  <testcase classname="com.bdd.Runner_files.Test_Runner_TestNG" name="runScenario" time="9.383"/>
  <testcase classname="com.bdd.Runner_files.Test_Runner_TestNG" name="runScenario" time="6.321"/>
  <testcase classname="com.bdd.Runner_files.Test_Runner_TestNG" name="runScenario" time="6.084"/>
  <testcase classname="com.bdd.Runner_files.Test_Runner_TestNG" name="runScenario" time="7.897"/>
  <testcase classname="com.bdd.Runner_files.Test_Runner_TestNG" name="runScenario" time="7.686"/>
  <testcase classname="com.bdd.Runner_files.Test_Runner_TestNG" name="runScenario" time="7.416"/>
  <testcase classname="com.bdd.Runner_files.Test_Runner_TestNG" name="runScenario" time="6.546"/>
</testsuite> <!-- com.bdd.Runner_files.Test_Runner_TestNG -->
