<?xml version="1.0" encoding="UTF-8"?>
<!-- Generated by org.testng.reporters.JUnitReportReporter -->
<testsuite hostname="LAPTOP-KCK80MQ9" failures="0" tests="23" name="com.bdd.Runner_files.Test_Runner_TestNG" time="239.831" errors="0" timestamp="2024-01-07T19:19:36 EST" skipped="0">
  <testcase classname="com.bdd.Runner_files.Test_Runner_TestNG" name="runScenario" time="9.964"/>
  <testcase classname="com.bdd.Runner_files.Test_Runner_TestNG" name="runScenario" time="9.806"/>
  <testcase classname="com.bdd.Runner_files.Test_Runner_TestNG" name="runScenario" time="11.437"/>
  <testcase classname="com.bdd.Runner_files.Test_Runner_TestNG" name="runScenario" time="6.357"/>
  <testcase classname="com.bdd.Runner_files.Test_Runner_TestNG" name="runScenario" time="12.032"/>
  <testcase classname="com.bdd.Runner_files.Test_Runner_TestNG" name="runScenario" time="11.898"/>
  <testcase classname="com.bdd.Runner_files.Test_Runner_TestNG" name="runScenario" time="17.312"/>
  <testcase classname="com.bdd.Runner_files.Test_Runner_TestNG" name="runScenario" time="12.137"/>
  <testcase classname="com.bdd.Runner_files.Test_Runner_TestNG" name="runScenario" time="9.831"/>
  <testcase classname="com.bdd.Runner_files.Test_Runner_TestNG" name="runScenario" time="6.319"/>
  <testcase classname="com.bdd.Runner_files.Test_Runner_TestNG" name="runScenario" time="7.964"/>
  <testcase classname="com.bdd.Runner_files.Test_Runner_TestNG" name="runScenario" time="10.107"/>
  <testcase classname="com.bdd.Runner_files.Test_Runner_TestNG" name="runScenario" time="10.806"/>
  <testcase classname="com.bdd.Runner_files.Test_Runner_TestNG" name="runScenario" time="11.975"/>
  <testcase classname="com.bdd.Runner_files.Test_Runner_TestNG" name="runScenario" time="9.813"/>
  <testcase classname="com.bdd.Runner_files.Test_Runner_TestNG" name="runScenario" time="13.120"/>
  <testcase classname="com.bdd.Runner_files.Test_Runner_TestNG" name="runScenario" time="10.213"/>
  <testcase classname="com.bdd.Runner_files.Test_Runner_TestNG" name="runScenario" time="7.551"/>
  <testcase classname="com.bdd.Runner_files.Test_Runner_TestNG" name="runScenario" time="10.654"/>
  <testcase classname="com.bdd.Runner_files.Test_Runner_TestNG" name="runScenario" time="12.215"/>
  <testcase classname="com.bdd.Runner_files.Test_Runner_TestNG" name="runScenario" time="12.919"/>
  <testcase classname="com.bdd.Runner_files.Test_Runner_TestNG" name="runScenario" time="9.169"/>
  <testcase classname="com.bdd.Runner_files.Test_Runner_TestNG" name="runScenario" time="6.232"/>
</testsuite> <!-- com.bdd.Runner_files.Test_Runner_TestNG -->
